# JRE version: Java(TM) SE Runtime Environment (17.0+35) (build 17+35-LTS-2724)
# Java VM: Java HotSpot(TM) 64-Bit Server VM (17+35-LTS-2724, mixed mode, sharing, tiered, compressed oops, compressed class ptrs, g1 gc, windows-amd64)
GC Precious Log:
 CPUs: 12 total, 12 available
 Memory: 7502M
 Large Page Support: Disabled
 NUMA Support: Disabled
 Compressed Oops: Enabled (Zero based)
 Heap Region Size: 4M
 Heap Min Capacity: 8M
 Heap Initial Capacity: 120M
 Heap Max Capacity: 8G
 Pre-touch: Disabled
 Parallel Workers: 10
 Concurrent Workers: 3
 Concurrent Refinement Workers: 10
 Periodic GC: Disabled
Heap:
 garbage-first heap   total 565248K, used 265752K [0x0000000600000000, 0x0000000800000000)
  region size 4096K, 13 young (53248K), 5 survivors (20480K)
 Metaspace       used 114773K, committed 116160K, reserved 1155072K
  class space    used 15950K, committed 16576K, reserved 1048576K
GC Heap History (20 events):
Event: 129.848 GC heap before
{Heap before GC invocations=50 (full 0):
 garbage-first heap   total 282624K, used 216320K [0x0000000600000000, 0x0000000800000000)
  region size 4096K, 25 young (102400K), 3 survivors (12288K)
 Metaspace       used 98733K, committed 99776K, reserved 1138688K
  class space    used 13837K, committed 14336K, reserved 1048576K
}
Event: 129.859 GC heap after
{Heap after GC invocations=51 (full 0):
 garbage-first heap   total 282624K, used 133496K [0x0000000600000000, 0x0000000800000000)
  region size 4096K, 3 young (12288K), 3 survivors (12288K)
 Metaspace       used 98733K, committed 99776K, reserved 1138688K
  class space    used 13837K, committed 14336K, reserved 1048576K
}
Event: 132.829 GC heap before
{Heap before GC invocations=51 (full 0):
 garbage-first heap   total 282624K, used 223608K [0x0000000600000000, 0x0000000800000000)
  region size 4096K, 25 young (102400K), 3 survivors (12288K)
 Metaspace       used 103829K, committed 104896K, reserved 1146880K
  class space    used 14506K, committed 15040K, reserved 1048576K
}
Event: 132.839 GC heap after
{Heap after GC invocations=52 (full 0):
 garbage-first heap   total 282624K, used 137447K [0x0000000600000000, 0x0000000800000000)
  region size 4096K, 2 young (8192K), 2 survivors (8192K)
 Metaspace       used 103829K, committed 104896K, reserved 1146880K
  class space    used 14506K, committed 15040K, reserved 1048576K
}
Event: 134.670 GC heap before
{Heap before GC invocations=52 (full 0):
 garbage-first heap   total 282624K, used 223463K [0x0000000600000000, 0x0000000800000000)
  region size 4096K, 24 young (98304K), 2 survivors (8192K)
 Metaspace       used 104059K, committed 105088K, reserved 1146880K
  class space    used 14512K, committed 15040K, reserved 1048576K
}
Event: 134.684 GC heap after
{Heap after GC invocations=53 (full 0):
 garbage-first heap   total 282624K, used 144244K [0x0000000600000000, 0x0000000800000000)
  region size 4096K, 3 young (12288K), 3 survivors (12288K)
 Metaspace       used 104059K, committed 105088K, reserved 1146880K
  class space    used 14512K, committed 15040K, reserved 1048576K
}
Event: 142.174 GC heap before
{Heap before GC invocations=53 (full 0):
 garbage-first heap   total 282624K, used 230260K [0x0000000600000000, 0x0000000800000000)
  region size 4096K, 24 young (98304K), 3 survivors (12288K)
 Metaspace       used 105682K, committed 106816K, reserved 1146880K
  class space    used 14711K, committed 15232K, reserved 1048576K
}
Event: 142.218 GC heap after
{Heap after GC invocations=54 (full 0):
 garbage-first heap   total 282624K, used 154309K [0x0000000600000000, 0x0000000800000000)
  region size 4096K, 3 young (12288K), 3 survivors (12288K)
 Metaspace       used 105682K, committed 106816K, reserved 1146880K
  class space    used 14711K, committed 15232K, reserved 1048576K
}
Event: 146.664 GC heap before
{Heap before GC invocations=54 (full 0):
 garbage-first heap   total 282624K, used 223941K [0x0000000600000000, 0x0000000800000000)
  region size 4096K, 21 young (86016K), 3 survivors (12288K)
 Metaspace       used 106763K, committed 107840K, reserved 1146880K
  class space    used 14892K, committed 15424K, reserved 1048576K
}
Event: 146.741 GC heap after
{Heap after GC invocations=55 (full 0):
 garbage-first heap   total 282624K, used 160641K [0x0000000600000000, 0x0000000800000000)
  region size 4096K, 3 young (12288K), 3 survivors (12288K)
 Metaspace       used 106763K, committed 107840K, reserved 1146880K
  class space    used 14892K, committed 15424K, reserved 1048576K
}
Event: 147.681 GC heap before
{Heap before GC invocations=55 (full 0):
 garbage-first heap   total 282624K, used 222081K [0x0000000600000000, 0x0000000800000000)
  region size 4096K, 19 young (77824K), 3 survivors (12288K)
 Metaspace       used 106763K, committed 107840K, reserved 1146880K
  class space    used 14892K, committed 15424K, reserved 1048576K
}
Event: 147.696 GC heap after
{Heap after GC invocations=56 (full 0):
 garbage-first heap   total 565248K, used 163084K [0x0000000600000000, 0x0000000800000000)
  region size 4096K, 2 young (8192K), 2 survivors (8192K)
 Metaspace       used 106763K, committed 107840K, reserved 1146880K
  class space    used 14892K, committed 15424K, reserved 1048576K
}
Event: 153.100 GC heap before
{Heap before GC invocations=56 (full 0):
 garbage-first heap   total 565248K, used 449804K [0x0000000600000000, 0x0000000800000000)
  region size 4096K, 73 young (299008K), 2 survivors (8192K)
 Metaspace       used 107633K, committed 108864K, reserved 1146880K
  class space    used 14983K, committed 15552K, reserved 1048576K
}
Event: 153.121 GC heap after
{Heap after GC invocations=57 (full 0):
 garbage-first heap   total 565248K, used 180625K [0x0000000600000000, 0x0000000800000000)
  region size 4096K, 6 young (24576K), 6 survivors (24576K)
 Metaspace       used 107633K, committed 108864K, reserved 1146880K
  class space    used 14983K, committed 15552K, reserved 1048576K
}
Event: 156.246 GC heap before
{Heap before GC invocations=57 (full 0):
 garbage-first heap   total 565248K, used 434577K [0x0000000600000000, 0x0000000800000000)
  region size 4096K, 69 young (282624K), 6 survivors (24576K)
 Metaspace       used 108378K, committed 109696K, reserved 1146880K
  class space    used 15066K, committed 15680K, reserved 1048576K
}
Event: 156.291 GC heap after
{Heap after GC invocations=58 (full 0):
 garbage-first heap   total 565248K, used 201778K [0x0000000600000000, 0x0000000800000000)
  region size 4096K, 6 young (24576K), 6 survivors (24576K)
 Metaspace       used 108378K, committed 109696K, reserved 1146880K
  class space    used 15066K, committed 15680K, reserved 1048576K
}
Event: 160.598 GC heap before
{Heap before GC invocations=58 (full 0):
 garbage-first heap   total 565248K, used 443442K [0x0000000600000000, 0x0000000800000000)
  region size 4096K, 66 young (270336K), 6 survivors (24576K)
 Metaspace       used 109021K, committed 110336K, reserved 1146880K
  class space    used 15138K, committed 15744K, reserved 1048576K
}
Event: 160.630 GC heap after
{Heap after GC invocations=59 (full 0):
 garbage-first heap   total 565248K, used 222503K [0x0000000600000000, 0x0000000800000000)
  region size 4096K, 6 young (24576K), 6 survivors (24576K)
 Metaspace       used 109021K, committed 110336K, reserved 1146880K
  class space    used 15138K, committed 15744K, reserved 1048576K
}
Event: 166.827 GC heap before
{Heap before GC invocations=59 (full 0):
 garbage-first heap   total 565248K, used 443687K [0x0000000600000000, 0x0000000800000000)
  region size 4096K, 61 young (249856K), 6 survivors (24576K)
 Metaspace       used 113494K, committed 114880K, reserved 1155072K
  class space    used 15770K, committed 16384K, reserved 1048576K
}
Event: 166.852 GC heap after
{Heap after GC invocations=60 (full 0):
 garbage-first heap   total 565248K, used 237080K [0x0000000600000000, 0x0000000800000000)
  region size 4096K, 5 young (20480K), 5 survivors (20480K)
 Metaspace       used 113494K, committed 114880K, reserved 1155072K
  class space    used 15770K, committed 16384K, reserved 1048576K
}

